<?xml version="1.0" encoding="UTF-8"?>
<testng-results skipped="0" failed="0" ignored="0" total="8" passed="8">
  <reporter-output>
    <line>
      <![CDATA[Welcome to testNG]]>
    </line>
    <line>
      <![CDATA[login]]>
    </line>
    <line>
      <![CDATA[CreateCustomer]]>
    </line>
    <line>
      <![CDATA[logout]]>
    </line>
    <line>
      <![CDATA[login]]>
    </line>
    <line>
      <![CDATA[deleteCustomer]]>
    </line>
    <line>
      <![CDATA[logout]]>
    </line>
    <line>
      <![CDATA[open Browser]]>
    </line>
    <line>
      <![CDATA[login]]>
    </line>
    <line>
      <![CDATA[deleteCustomer]]>
    </line>
    <line>
      <![CDATA[logout]]>
    </line>
    <line>
      <![CDATA[login]]>
    </line>
    <line>
      <![CDATA[registerCustomer]]>
    </line>
    <line>
      <![CDATA[logout]]>
    </line>
    <line>
      <![CDATA[login]]>
    </line>
    <line>
      <![CDATA[editCustomer]]>
    </line>
    <line>
      <![CDATA[logout]]>
    </line>
    <line>
      <![CDATA[login]]>
    </line>
    <line>
      <![CDATA[editCustomer]]>
    </line>
    <line>
      <![CDATA[logout]]>
    </line>
    <line>
      <![CDATA[Close Browser]]>
    </line>
  </reporter-output>
  <suite name="Suite" duration-ms="28761" started-at="2020-07-19T21:56:11 IST" finished-at="2020-07-19T21:56:40 IST">
    <groups>
    </groups>
    <test name="Test" duration-ms="28761" started-at="2020-07-19T21:56:11 IST" finished-at="2020-07-19T21:56:40 IST">
      <class name="com.elf.test.CreateCustomer">
        <test-method status="PASS" signature="openBrowser()[pri:0, instance:com.elf.test.CreateCustomer@a7e666]" name="openBrowser" is-config="true" duration-ms="7373" started-at="2020-07-19T21:56:11 IST" finished-at="2020-07-19T21:56:19 IST">
          <reporter-output>
          </reporter-output>
        </test-method> <!-- openBrowser -->
        <test-method status="PASS" signature="login()[pri:0, instance:com.elf.test.CreateCustomer@a7e666]" name="login" is-config="true" duration-ms="10924" started-at="2020-07-19T21:56:19 IST" finished-at="2020-07-19T21:56:30 IST">
          <reporter-output>
          </reporter-output>
        </test-method> <!-- login -->
        <test-method status="PASS" signature="testCreateCustomer()[pri:0, instance:com.elf.test.CreateCustomer@a7e666]" name="testCreateCustomer" duration-ms="8346" started-at="2020-07-19T21:56:30 IST" finished-at="2020-07-19T21:56:38 IST">
          <reporter-output>
          </reporter-output>
        </test-method> <!-- testCreateCustomer -->
        <test-method status="FAIL" signature="logout()[pri:0, instance:com.elf.test.CreateCustomer@a7e666]" name="logout" is-config="true" duration-ms="1824" started-at="2020-07-19T21:56:38 IST" finished-at="2020-07-19T21:56:40 IST">
          <exception class="org.openqa.selenium.ElementClickInterceptedException">
            <message>
              <![CDATA[element click intercepted: Element <a href="/logout.do" id="logoutLink" class="logout">...</a> is not clickable at point (1309, 17). Other element would receive the click: <img src="/img/default/dialogs/exitconfirm/shade.png?hash=1969773458" id="muar" style="display: block;">
  (Session info: chrome=83.0.4103.116)
Build info: version: '3.141.59', revision: 'e82be7d358', time: '2018-11-14T08:25:53'
System info: host: 'DESKTOP-3PU5LTL', ip: '192.168.1.101', os.name: 'Windows 10', os.arch: 'amd64', os.version: '10.0', java.version: '1.8.0_211'
Driver info: org.openqa.selenium.chrome.ChromeDriver
Capabilities {acceptInsecureCerts: false, browserName: chrome, browserVersion: 83.0.4103.116, chrome: {chromedriverVersion: 83.0.4103.39 (ccbf011cb2d2b..., userDataDir: C:\Users\hp\AppData\Local\T...}, goog:chromeOptions: {debuggerAddress: localhost:52190}, javascriptEnabled: true, networkConnectionEnabled: false, pageLoadStrategy: normal, platform: WINDOWS, platformName: WINDOWS, proxy: Proxy(), setWindowRect: true, strictFileInteractability: false, timeouts: {implicit: 0, pageLoad: 300000, script: 30000}, unhandledPromptBehavior: dismiss and notify, webauthn:virtualAuthenticators: true}
Session ID: abf580b4618bb4e2863cdcf8180b7d66]]>
            </message>
            <full-stacktrace>
              <![CDATA[org.openqa.selenium.ElementClickInterceptedException: element click intercepted: Element <a href="/logout.do" id="logoutLink" class="logout">...</a> is not clickable at point (1309, 17). Other element would receive the click: <img src="/img/default/dialogs/exitconfirm/shade.png?hash=1969773458" id="muar" style="display: block;">
  (Session info: chrome=83.0.4103.116)
Build info: version: '3.141.59', revision: 'e82be7d358', time: '2018-11-14T08:25:53'
System info: host: 'DESKTOP-3PU5LTL', ip: '192.168.1.101', os.name: 'Windows 10', os.arch: 'amd64', os.version: '10.0', java.version: '1.8.0_211'
Driver info: org.openqa.selenium.chrome.ChromeDriver
Capabilities {acceptInsecureCerts: false, browserName: chrome, browserVersion: 83.0.4103.116, chrome: {chromedriverVersion: 83.0.4103.39 (ccbf011cb2d2b..., userDataDir: C:\Users\hp\AppData\Local\T...}, goog:chromeOptions: {debuggerAddress: localhost:52190}, javascriptEnabled: true, networkConnectionEnabled: false, pageLoadStrategy: normal, platform: WINDOWS, platformName: WINDOWS, proxy: Proxy(), setWindowRect: true, strictFileInteractability: false, timeouts: {implicit: 0, pageLoad: 300000, script: 30000}, unhandledPromptBehavior: dismiss and notify, webauthn:virtualAuthenticators: true}
Session ID: abf580b4618bb4e2863cdcf8180b7d66
at sun.reflect.NativeConstructorAccessorImpl.newInstance0(Native Method)
at sun.reflect.NativeConstructorAccessorImpl.newInstance(Unknown Source)
at sun.reflect.DelegatingConstructorAccessorImpl.newInstance(Unknown Source)
at java.lang.reflect.Constructor.newInstance(Unknown Source)
at org.openqa.selenium.remote.http.W3CHttpResponseCodec.createException(W3CHttpResponseCodec.java:187)
at org.openqa.selenium.remote.http.W3CHttpResponseCodec.decode(W3CHttpResponseCodec.java:122)
at org.openqa.selenium.remote.http.W3CHttpResponseCodec.decode(W3CHttpResponseCodec.java:49)
at org.openqa.selenium.remote.HttpCommandExecutor.execute(HttpCommandExecutor.java:158)
at org.openqa.selenium.remote.service.DriverCommandExecutor.execute(DriverCommandExecutor.java:83)
at org.openqa.selenium.remote.RemoteWebDriver.execute(RemoteWebDriver.java:552)
at org.openqa.selenium.remote.RemoteWebElement.execute(RemoteWebElement.java:285)
at org.openqa.selenium.remote.RemoteWebElement.click(RemoteWebElement.java:84)
at com.elf.generics.BaseClass.logout(BaseClass.java:45)
at sun.reflect.NativeMethodAccessorImpl.invoke0(Native Method)
at sun.reflect.NativeMethodAccessorImpl.invoke(Unknown Source)
at sun.reflect.DelegatingMethodAccessorImpl.invoke(Unknown Source)
at java.lang.reflect.Method.invoke(Unknown Source)
at org.testng.internal.MethodInvocationHelper.invokeMethod(MethodInvocationHelper.java:135)
at org.testng.internal.MethodInvocationHelper.invokeMethodConsideringTimeout(MethodInvocationHelper.java:64)
at org.testng.internal.ConfigInvoker.invokeConfigurationMethod(ConfigInvoker.java:364)
at org.testng.internal.ConfigInvoker.invokeConfigurations(ConfigInvoker.java:318)
at org.testng.internal.TestInvoker.runConfigMethods(TestInvoker.java:700)
at org.testng.internal.TestInvoker.runAfterGroupsConfigurations(TestInvoker.java:676)
at org.testng.internal.TestInvoker.invokeMethod(TestInvoker.java:660)
at org.testng.internal.TestInvoker.invokeTestMethod(TestInvoker.java:174)
at org.testng.internal.MethodRunner.runInSequence(MethodRunner.java:46)
at org.testng.internal.TestInvoker$MethodInvocationAgent.invoke(TestInvoker.java:821)
at org.testng.internal.TestInvoker.invokeTestMethods(TestInvoker.java:147)
at org.testng.internal.TestMethodWorker.invokeTestMethods(TestMethodWorker.java:146)
at org.testng.internal.TestMethodWorker.run(TestMethodWorker.java:128)
at java.util.ArrayList.forEach(Unknown Source)
at org.testng.TestRunner.privateRun(TestRunner.java:767)
at org.testng.TestRunner.run(TestRunner.java:588)
at org.testng.SuiteRunner.runTest(SuiteRunner.java:384)
at org.testng.SuiteRunner.runSequentially(SuiteRunner.java:378)
at org.testng.SuiteRunner.privateRun(SuiteRunner.java:337)
at org.testng.SuiteRunner.run(SuiteRunner.java:286)
at org.testng.SuiteRunnerWorker.runSuite(SuiteRunnerWorker.java:53)
at org.testng.SuiteRunnerWorker.run(SuiteRunnerWorker.java:96)
at org.testng.TestNG.runSuitesSequentially(TestNG.java:1214)
at org.testng.TestNG.runSuitesLocally(TestNG.java:1136)
at org.testng.TestNG.runSuites(TestNG.java:1066)
at org.testng.TestNG.run(TestNG.java:1034)
at org.testng.remote.AbstractRemoteTestNG.run(AbstractRemoteTestNG.java:115)
at org.testng.remote.RemoteTestNG.initAndRun(RemoteTestNG.java:251)
at org.testng.remote.RemoteTestNG.main(RemoteTestNG.java:77)
]]>
            </full-stacktrace>
          </exception> <!-- org.openqa.selenium.ElementClickInterceptedException -->
          <reporter-output>
          </reporter-output>
        </test-method> <!-- logout -->
        <test-method status="SKIP" signature="closeBrowser()[pri:0, instance:com.elf.test.CreateCustomer@a7e666]" name="closeBrowser" is-config="true" duration-ms="-1595176000376" started-at="2020-07-19T21:56:40 IST" finished-at="1970-01-01T05:30:00 IST">
          <reporter-output>
          </reporter-output>
        </test-method> <!-- closeBrowser -->
      </class> <!-- com.elf.test.CreateCustomer -->
      <class name="com.elf.test.DemoA">
        <test-method status="PASS" signature="createCustomer()[pri:0, instance:com.elf.test.DemoA@30b8a058]" name="createCustomer" duration-ms="4" started-at="2020-07-19T21:56:40 IST" finished-at="2020-07-19T21:56:40 IST">
          <reporter-output>
            <line>
              <![CDATA[CreateCustomer]]>
            </line>
          </reporter-output>
        </test-method> <!-- createCustomer -->
        <test-method status="PASS" signature="login()[pri:0, instance:com.elf.test.DemoA@30b8a058]" name="login" is-config="true" duration-ms="0" started-at="2020-07-19T21:56:40 IST" finished-at="2020-07-19T21:56:40 IST">
          <reporter-output>
            <line>
              <![CDATA[login]]>
            </line>
          </reporter-output>
        </test-method> <!-- login -->
        <test-method status="PASS" signature="login()[pri:0, instance:com.elf.test.DemoA@30b8a058]" name="login" is-config="true" duration-ms="4" started-at="2020-07-19T21:56:40 IST" finished-at="2020-07-19T21:56:40 IST">
          <reporter-output>
            <line>
              <![CDATA[login]]>
            </line>
          </reporter-output>
        </test-method> <!-- login -->
        <test-method status="PASS" signature="logout()[pri:0, instance:com.elf.test.DemoA@30b8a058]" name="logout" is-config="true" duration-ms="0" started-at="2020-07-19T21:56:40 IST" finished-at="2020-07-19T21:56:40 IST">
          <reporter-output>
            <line>
              <![CDATA[logout]]>
            </line>
          </reporter-output>
        </test-method> <!-- logout -->
        <test-method status="PASS" signature="deleteCustomer()[pri:0, instance:com.elf.test.DemoA@30b8a058]" name="deleteCustomer" duration-ms="0" started-at="2020-07-19T21:56:40 IST" finished-at="2020-07-19T21:56:40 IST">
          <reporter-output>
            <line>
              <![CDATA[deleteCustomer]]>
            </line>
          </reporter-output>
        </test-method> <!-- deleteCustomer -->
        <test-method status="PASS" signature="logout()[pri:0, instance:com.elf.test.DemoA@30b8a058]" name="logout" is-config="true" duration-ms="0" started-at="2020-07-19T21:56:40 IST" finished-at="2020-07-19T21:56:40 IST">
          <reporter-output>
            <line>
              <![CDATA[logout]]>
            </line>
          </reporter-output>
        </test-method> <!-- logout -->
      </class> <!-- com.elf.test.DemoA -->
      <class name="com.elf.test.TestNGDemo">
        <test-method status="PASS" signature="testDemo()[pri:0, instance:com.elf.test.TestNGDemo@68bbe345]" name="testDemo" duration-ms="4" started-at="2020-07-19T21:56:40 IST" finished-at="2020-07-19T21:56:40 IST">
          <reporter-output>
            <line>
              <![CDATA[Welcome to testNG]]>
            </line>
          </reporter-output>
        </test-method> <!-- testDemo -->
      </class> <!-- com.elf.test.TestNGDemo -->
      <class name="com.elf.test.DemoA1">
        <test-method status="PASS" signature="openBrowser()[pri:0, instance:com.elf.test.DemoA1@7494e528]" name="openBrowser" is-config="true" duration-ms="0" started-at="2020-07-19T21:56:40 IST" finished-at="2020-07-19T21:56:40 IST">
          <reporter-output>
            <line>
              <![CDATA[open Browser]]>
            </line>
          </reporter-output>
        </test-method> <!-- openBrowser -->
        <test-method status="PASS" signature="deleteCustomer()[pri:0, instance:com.elf.test.DemoA1@7494e528]" name="deleteCustomer" duration-ms="4" started-at="2020-07-19T21:56:40 IST" finished-at="2020-07-19T21:56:40 IST">
          <reporter-output>
            <line>
              <![CDATA[deleteCustomer]]>
            </line>
          </reporter-output>
        </test-method> <!-- deleteCustomer -->
        <test-method status="PASS" signature="login()[pri:0, instance:com.elf.test.DemoA1@7494e528]" name="login" is-config="true" duration-ms="0" started-at="2020-07-19T21:56:40 IST" finished-at="2020-07-19T21:56:40 IST">
          <reporter-output>
            <line>
              <![CDATA[login]]>
            </line>
          </reporter-output>
        </test-method> <!-- login -->
        <test-method status="PASS" signature="logout()[pri:0, instance:com.elf.test.DemoA1@7494e528]" name="logout" is-config="true" duration-ms="0" started-at="2020-07-19T21:56:40 IST" finished-at="2020-07-19T21:56:40 IST">
          <reporter-output>
            <line>
              <![CDATA[logout]]>
            </line>
          </reporter-output>
        </test-method> <!-- logout -->
        <test-method status="PASS" signature="login()[pri:0, instance:com.elf.test.DemoA1@7494e528]" name="login" is-config="true" duration-ms="0" started-at="2020-07-19T21:56:40 IST" finished-at="2020-07-19T21:56:40 IST">
          <reporter-output>
            <line>
              <![CDATA[login]]>
            </line>
          </reporter-output>
        </test-method> <!-- login -->
        <test-method status="PASS" signature="registerCustomer()[pri:0, instance:com.elf.test.DemoA1@7494e528]" name="registerCustomer" duration-ms="8" started-at="2020-07-19T21:56:40 IST" finished-at="2020-07-19T21:56:40 IST">
          <reporter-output>
            <line>
              <![CDATA[registerCustomer]]>
            </line>
          </reporter-output>
        </test-method> <!-- registerCustomer -->
        <test-method status="PASS" signature="logout()[pri:0, instance:com.elf.test.DemoA1@7494e528]" name="logout" is-config="true" duration-ms="0" started-at="2020-07-19T21:56:40 IST" finished-at="2020-07-19T21:56:40 IST">
          <reporter-output>
            <line>
              <![CDATA[logout]]>
            </line>
          </reporter-output>
        </test-method> <!-- logout -->
        <test-method status="PASS" signature="login()[pri:0, instance:com.elf.test.DemoA1@7494e528]" name="login" is-config="true" duration-ms="4" started-at="2020-07-19T21:56:40 IST" finished-at="2020-07-19T21:56:40 IST">
          <reporter-output>
            <line>
              <![CDATA[login]]>
            </line>
          </reporter-output>
        </test-method> <!-- login -->
        <test-method status="PASS" signature="editCustomer()[pri:2, instance:com.elf.test.DemoA1@7494e528]" name="editCustomer" duration-ms="4" started-at="2020-07-19T21:56:40 IST" finished-at="2020-07-19T21:56:40 IST">
          <reporter-output>
            <line>
              <![CDATA[editCustomer]]>
            </line>
          </reporter-output>
        </test-method> <!-- editCustomer -->
        <test-method status="PASS" signature="logout()[pri:0, instance:com.elf.test.DemoA1@7494e528]" name="logout" is-config="true" duration-ms="4" started-at="2020-07-19T21:56:40 IST" finished-at="2020-07-19T21:56:40 IST">
          <reporter-output>
            <line>
              <![CDATA[logout]]>
            </line>
          </reporter-output>
        </test-method> <!-- logout -->
        <test-method status="PASS" signature="editCustomer()[pri:2, instance:com.elf.test.DemoA1@7494e528]" name="editCustomer" duration-ms="4" started-at="2020-07-19T21:56:40 IST" finished-at="2020-07-19T21:56:40 IST">
          <reporter-output>
            <line>
              <![CDATA[editCustomer]]>
            </line>
          </reporter-output>
        </test-method> <!-- editCustomer -->
        <test-method status="PASS" signature="login()[pri:0, instance:com.elf.test.DemoA1@7494e528]" name="login" is-config="true" duration-ms="0" started-at="2020-07-19T21:56:40 IST" finished-at="2020-07-19T21:56:40 IST">
          <reporter-output>
            <line>
              <![CDATA[login]]>
            </line>
          </reporter-output>
        </test-method> <!-- login -->
        <test-method status="PASS" signature="closeBrowser()[pri:0, instance:com.elf.test.DemoA1@7494e528]" name="closeBrowser" is-config="true" duration-ms="0" started-at="2020-07-19T21:56:40 IST" finished-at="2020-07-19T21:56:40 IST">
          <reporter-output>
            <line>
              <![CDATA[Close Browser]]>
            </line>
          </reporter-output>
        </test-method> <!-- closeBrowser -->
        <test-method status="PASS" signature="logout()[pri:0, instance:com.elf.test.DemoA1@7494e528]" name="logout" is-config="true" duration-ms="0" started-at="2020-07-19T21:56:40 IST" finished-at="2020-07-19T21:56:40 IST">
          <reporter-output>
            <line>
              <![CDATA[logout]]>
            </line>
          </reporter-output>
        </test-method> <!-- logout -->
      </class> <!-- com.elf.test.DemoA1 -->
    </test> <!-- Test -->
  </suite> <!-- Suite -->
</testng-results>
